<?xml version="1.0" encoding="UTF-8"?>
<testsuite xmlns:xsi="http://www.w3.org/2001/XMLSchema-instance" xsi:noNamespaceSchemaLocation="https://maven.apache.org/surefire/maven-surefire-plugin/xsd/surefire-test-report-3.0.xsd" version="3.0" name="edu.unl.exceptionamplifier.testcases.StockTradingResourceAmplifiedTest" time="0.014" tests="1" errors="0" skipped="0" failures="0">
  <properties>
[...]
</properties>
  <testcase name="testAmplifiedBuyAndSell" classname="edu.unl.exceptionamplifier.testcases.StockTradingResourceAmplifiedTest" time="0.013">
    <system-out><![CDATA[[TestExplorer] Pattern: [normal, normal, normal, normal]
[Test] Balance: 9000.0, Position: 5
[TestExplorer] Test finished without uncaught exception.
[TestExplorer] Pattern: [normal, normal, normal, IOException]
Mocking exception: IOException for resource: DatabaseApi.getPosition
[Test] Balance: 9000.0, Position: 5
[TestExplorer] Test finished without uncaught exception.
[TestExplorer] Pattern: [normal, normal, normal, TimeoutException]
Mocking exception: TimeoutException for resource: DatabaseApi.getPosition
[Test] Balance: 9000.0, Position: 5
[TestExplorer] Test finished without uncaught exception.
[TestExplorer] Pattern: [normal, normal, IOException, normal]
Mocking exception: IOException for resource: StockExchangeApi.sell
[Test] Balance: 9000.0, Position: 5
[TestExplorer] Test finished without uncaught exception.
[TestExplorer] Pattern: [normal, normal, IOException, IOException]
Mocking exception: IOException for resource: StockExchangeApi.sell
Mocking exception: IOException for resource: DatabaseApi.getPosition
[Test] Balance: 9000.0, Position: 5
[TestExplorer] Test finished without uncaught exception.
[TestExplorer] Pattern: [normal, normal, IOException, TimeoutException]
Mocking exception: IOException for resource: StockExchangeApi.sell
Mocking exception: TimeoutException for resource: DatabaseApi.getPosition
[Test] Balance: 9000.0, Position: 5
[TestExplorer] Test finished without uncaught exception.
[TestExplorer] Pattern: [normal, normal, TimeoutException, normal]
Mocking exception: TimeoutException for resource: StockExchangeApi.sell
[Test] Balance: 9000.0, Position: 5
[TestExplorer] Test finished without uncaught exception.
[TestExplorer] Pattern: [normal, normal, TimeoutException, IOException]
Mocking exception: TimeoutException for resource: StockExchangeApi.sell
Mocking exception: IOException for resource: DatabaseApi.getPosition
[Test] Balance: 9000.0, Position: 5
[TestExplorer] Test finished without uncaught exception.
[TestExplorer] Pattern: [normal, normal, TimeoutException, TimeoutException]
Mocking exception: TimeoutException for resource: StockExchangeApi.sell
Mocking exception: TimeoutException for resource: DatabaseApi.getPosition
[Test] Balance: 9000.0, Position: 5
[TestExplorer] Test finished without uncaught exception.
[TestExplorer] Pattern: [normal, IOException, normal, normal]
Mocking exception: IOException for resource: DatabaseApi.getBalance
[Test] Balance: 9000.0, Position: 5
[TestExplorer] Test finished without uncaught exception.
[TestExplorer] Pattern: [normal, IOException, normal, IOException]
Mocking exception: IOException for resource: DatabaseApi.getBalance
Mocking exception: IOException for resource: DatabaseApi.getPosition
[Test] Balance: 9000.0, Position: 5
[TestExplorer] Test finished without uncaught exception.
[TestExplorer] Pattern: [normal, IOException, normal, TimeoutException]
Mocking exception: IOException for resource: DatabaseApi.getBalance
Mocking exception: TimeoutException for resource: DatabaseApi.getPosition
[Test] Balance: 9000.0, Position: 5
[TestExplorer] Test finished without uncaught exception.
[TestExplorer] Pattern: [normal, IOException, IOException, normal]
Mocking exception: IOException for resource: DatabaseApi.getBalance
Mocking exception: IOException for resource: StockExchangeApi.sell
[Test] Balance: 9000.0, Position: 5
[TestExplorer] Test finished without uncaught exception.
[TestExplorer] Pattern: [normal, IOException, IOException, IOException]
Mocking exception: IOException for resource: DatabaseApi.getBalance
Mocking exception: IOException for resource: StockExchangeApi.sell
Mocking exception: IOException for resource: DatabaseApi.getPosition
[Test] Balance: 9000.0, Position: 5
[TestExplorer] Test finished without uncaught exception.
[TestExplorer] Pattern: [normal, IOException, IOException, TimeoutException]
Mocking exception: IOException for resource: DatabaseApi.getBalance
Mocking exception: IOException for resource: StockExchangeApi.sell
Mocking exception: TimeoutException for resource: DatabaseApi.getPosition
[Test] Balance: 9000.0, Position: 5
[TestExplorer] Test finished without uncaught exception.
[TestExplorer] Pattern: [normal, IOException, TimeoutException, normal]
Mocking exception: IOException for resource: DatabaseApi.getBalance
Mocking exception: TimeoutException for resource: StockExchangeApi.sell
[Test] Balance: 9000.0, Position: 5
[TestExplorer] Test finished without uncaught exception.
[TestExplorer] Pattern: [normal, IOException, TimeoutException, IOException]
Mocking exception: IOException for resource: DatabaseApi.getBalance
Mocking exception: TimeoutException for resource: StockExchangeApi.sell
Mocking exception: IOException for resource: DatabaseApi.getPosition
[Test] Balance: 9000.0, Position: 5
[TestExplorer] Test finished without uncaught exception.
[TestExplorer] Pattern: [normal, IOException, TimeoutException, TimeoutException]
Mocking exception: IOException for resource: DatabaseApi.getBalance
Mocking exception: TimeoutException for resource: StockExchangeApi.sell
Mocking exception: TimeoutException for resource: DatabaseApi.getPosition
[Test] Balance: 9000.0, Position: 5
[TestExplorer] Test finished without uncaught exception.
[TestExplorer] Pattern: [normal, TimeoutException, normal, normal]
Mocking exception: TimeoutException for resource: DatabaseApi.getBalance
[Test] Balance: 9000.0, Position: 5
[TestExplorer] Test finished without uncaught exception.
[TestExplorer] Pattern: [normal, TimeoutException, normal, IOException]
Mocking exception: TimeoutException for resource: DatabaseApi.getBalance
Mocking exception: IOException for resource: DatabaseApi.getPosition
[Test] Balance: 9000.0, Position: 5
[TestExplorer] Test finished without uncaught exception.
[TestExplorer] Pattern: [normal, TimeoutException, normal, TimeoutException]
Mocking exception: TimeoutException for resource: DatabaseApi.getBalance
Mocking exception: TimeoutException for resource: DatabaseApi.getPosition
[Test] Balance: 9000.0, Position: 5
[TestExplorer] Test finished without uncaught exception.
[TestExplorer] Pattern: [normal, TimeoutException, IOException, normal]
Mocking exception: TimeoutException for resource: DatabaseApi.getBalance
Mocking exception: IOException for resource: StockExchangeApi.sell
[Test] Balance: 9000.0, Position: 5
[TestExplorer] Test finished without uncaught exception.
[TestExplorer] Pattern: [normal, TimeoutException, IOException, IOException]
Mocking exception: TimeoutException for resource: DatabaseApi.getBalance
Mocking exception: IOException for resource: StockExchangeApi.sell
Mocking exception: IOException for resource: DatabaseApi.getPosition
[Test] Balance: 9000.0, Position: 5
[TestExplorer] Test finished without uncaught exception.
[TestExplorer] Pattern: [normal, TimeoutException, IOException, TimeoutException]
Mocking exception: TimeoutException for resource: DatabaseApi.getBalance
Mocking exception: IOException for resource: StockExchangeApi.sell
Mocking exception: TimeoutException for resource: DatabaseApi.getPosition
[Test] Balance: 9000.0, Position: 5
[TestExplorer] Test finished without uncaught exception.
[TestExplorer] Pattern: [normal, TimeoutException, TimeoutException, normal]
Mocking exception: TimeoutException for resource: DatabaseApi.getBalance
Mocking exception: TimeoutException for resource: StockExchangeApi.sell
[Test] Balance: 9000.0, Position: 5
[TestExplorer] Test finished without uncaught exception.
[TestExplorer] Pattern: [normal, TimeoutException, TimeoutException, IOException]
Mocking exception: TimeoutException for resource: DatabaseApi.getBalance
Mocking exception: TimeoutException for resource: StockExchangeApi.sell
Mocking exception: IOException for resource: DatabaseApi.getPosition
[Test] Balance: 9000.0, Position: 5
[TestExplorer] Test finished without uncaught exception.
[TestExplorer] Pattern: [normal, TimeoutException, TimeoutException, TimeoutException]
Mocking exception: TimeoutException for resource: DatabaseApi.getBalance
Mocking exception: TimeoutException for resource: StockExchangeApi.sell
Mocking exception: TimeoutException for resource: DatabaseApi.getPosition
[Test] Balance: 9000.0, Position: 5
[TestExplorer] Test finished without uncaught exception.
[TestExplorer] Pattern: [IOException, normal, normal, normal]
Mocking exception: IOException for resource: StockExchangeApi.buy
[Test] Balance: 9000.0, Position: 5
[TestExplorer] Test finished without uncaught exception.
[TestExplorer] Pattern: [IOException, normal, normal, IOException]
Mocking exception: IOException for resource: StockExchangeApi.buy
Mocking exception: IOException for resource: DatabaseApi.getPosition
[Test] Balance: 9000.0, Position: 5
[TestExplorer] Test finished without uncaught exception.
[TestExplorer] Pattern: [IOException, normal, normal, TimeoutException]
Mocking exception: IOException for resource: StockExchangeApi.buy
Mocking exception: TimeoutException for resource: DatabaseApi.getPosition
[Test] Balance: 9000.0, Position: 5
[TestExplorer] Test finished without uncaught exception.
[TestExplorer] Pattern: [IOException, normal, IOException, normal]
Mocking exception: IOException for resource: StockExchangeApi.buy
Mocking exception: IOException for resource: StockExchangeApi.sell
[Test] Balance: 9000.0, Position: 5
[TestExplorer] Test finished without uncaught exception.
[TestExplorer] Pattern: [IOException, normal, IOException, IOException]
Mocking exception: IOException for resource: StockExchangeApi.buy
Mocking exception: IOException for resource: StockExchangeApi.sell
Mocking exception: IOException for resource: DatabaseApi.getPosition
[Test] Balance: 9000.0, Position: 5
[TestExplorer] Test finished without uncaught exception.
[TestExplorer] Pattern: [IOException, normal, IOException, TimeoutException]
Mocking exception: IOException for resource: StockExchangeApi.buy
Mocking exception: IOException for resource: StockExchangeApi.sell
Mocking exception: TimeoutException for resource: DatabaseApi.getPosition
[Test] Balance: 9000.0, Position: 5
[TestExplorer] Test finished without uncaught exception.
[TestExplorer] Pattern: [IOException, normal, TimeoutException, normal]
Mocking exception: IOException for resource: StockExchangeApi.buy
Mocking exception: TimeoutException for resource: StockExchangeApi.sell
[Test] Balance: 9000.0, Position: 5
[TestExplorer] Test finished without uncaught exception.
[TestExplorer] Pattern: [IOException, normal, TimeoutException, IOException]
Mocking exception: IOException for resource: StockExchangeApi.buy
Mocking exception: TimeoutException for resource: StockExchangeApi.sell
Mocking exception: IOException for resource: DatabaseApi.getPosition
[Test] Balance: 9000.0, Position: 5
[TestExplorer] Test finished without uncaught exception.
[TestExplorer] Pattern: [IOException, normal, TimeoutException, TimeoutException]
Mocking exception: IOException for resource: StockExchangeApi.buy
Mocking exception: TimeoutException for resource: StockExchangeApi.sell
Mocking exception: TimeoutException for resource: DatabaseApi.getPosition
[Test] Balance: 9000.0, Position: 5
[TestExplorer] Test finished without uncaught exception.
[TestExplorer] Pattern: [IOException, IOException, normal, normal]
Mocking exception: IOException for resource: StockExchangeApi.buy
Mocking exception: IOException for resource: DatabaseApi.getBalance
[Test] Balance: 9000.0, Position: 5
[TestExplorer] Test finished without uncaught exception.
[TestExplorer] Pattern: [IOException, IOException, normal, IOException]
Mocking exception: IOException for resource: StockExchangeApi.buy
Mocking exception: IOException for resource: DatabaseApi.getBalance
Mocking exception: IOException for resource: DatabaseApi.getPosition
[Test] Balance: 9000.0, Position: 5
[TestExplorer] Test finished without uncaught exception.
[TestExplorer] Pattern: [IOException, IOException, normal, TimeoutException]
Mocking exception: IOException for resource: StockExchangeApi.buy
Mocking exception: IOException for resource: DatabaseApi.getBalance
Mocking exception: TimeoutException for resource: DatabaseApi.getPosition
[Test] Balance: 9000.0, Position: 5
[TestExplorer] Test finished without uncaught exception.
[TestExplorer] Pattern: [IOException, IOException, IOException, normal]
Mocking exception: IOException for resource: StockExchangeApi.buy
Mocking exception: IOException for resource: DatabaseApi.getBalance
Mocking exception: IOException for resource: StockExchangeApi.sell
[Test] Balance: 9000.0, Position: 5
[TestExplorer] Test finished without uncaught exception.
[TestExplorer] Pattern: [IOException, IOException, IOException, IOException]
Mocking exception: IOException for resource: StockExchangeApi.buy
Mocking exception: IOException for resource: DatabaseApi.getBalance
Mocking exception: IOException for resource: StockExchangeApi.sell
Mocking exception: IOException for resource: DatabaseApi.getPosition
[Test] Balance: 9000.0, Position: 5
[TestExplorer] Test finished without uncaught exception.
[TestExplorer] Pattern: [IOException, IOException, IOException, TimeoutException]
Mocking exception: IOException for resource: StockExchangeApi.buy
Mocking exception: IOException for resource: DatabaseApi.getBalance
Mocking exception: IOException for resource: StockExchangeApi.sell
Mocking exception: TimeoutException for resource: DatabaseApi.getPosition
[Test] Balance: 9000.0, Position: 5
[TestExplorer] Test finished without uncaught exception.
[TestExplorer] Pattern: [IOException, IOException, TimeoutException, normal]
Mocking exception: IOException for resource: StockExchangeApi.buy
Mocking exception: IOException for resource: DatabaseApi.getBalance
Mocking exception: TimeoutException for resource: StockExchangeApi.sell
[Test] Balance: 9000.0, Position: 5
[TestExplorer] Test finished without uncaught exception.
[TestExplorer] Pattern: [IOException, IOException, TimeoutException, IOException]
Mocking exception: IOException for resource: StockExchangeApi.buy
Mocking exception: IOException for resource: DatabaseApi.getBalance
Mocking exception: TimeoutException for resource: StockExchangeApi.sell
Mocking exception: IOException for resource: DatabaseApi.getPosition
[Test] Balance: 9000.0, Position: 5
[TestExplorer] Test finished without uncaught exception.
[TestExplorer] Pattern: [IOException, IOException, TimeoutException, TimeoutException]
Mocking exception: IOException for resource: StockExchangeApi.buy
Mocking exception: IOException for resource: DatabaseApi.getBalance
Mocking exception: TimeoutException for resource: StockExchangeApi.sell
Mocking exception: TimeoutException for resource: DatabaseApi.getPosition
[Test] Balance: 9000.0, Position: 5
[TestExplorer] Test finished without uncaught exception.
[TestExplorer] Pattern: [IOException, TimeoutException, normal, normal]
Mocking exception: IOException for resource: StockExchangeApi.buy
Mocking exception: TimeoutException for resource: DatabaseApi.getBalance
[Test] Balance: 9000.0, Position: 5
[TestExplorer] Test finished without uncaught exception.
[TestExplorer] Pattern: [IOException, TimeoutException, normal, IOException]
Mocking exception: IOException for resource: StockExchangeApi.buy
Mocking exception: TimeoutException for resource: DatabaseApi.getBalance
Mocking exception: IOException for resource: DatabaseApi.getPosition
[Test] Balance: 9000.0, Position: 5
[TestExplorer] Test finished without uncaught exception.
[TestExplorer] Pattern: [IOException, TimeoutException, normal, TimeoutException]
Mocking exception: IOException for resource: StockExchangeApi.buy
Mocking exception: TimeoutException for resource: DatabaseApi.getBalance
Mocking exception: TimeoutException for resource: DatabaseApi.getPosition
[Test] Balance: 9000.0, Position: 5
[TestExplorer] Test finished without uncaught exception.
[TestExplorer] Pattern: [IOException, TimeoutException, IOException, normal]
Mocking exception: IOException for resource: StockExchangeApi.buy
Mocking exception: TimeoutException for resource: DatabaseApi.getBalance
Mocking exception: IOException for resource: StockExchangeApi.sell
[Test] Balance: 9000.0, Position: 5
[TestExplorer] Test finished without uncaught exception.
[TestExplorer] Pattern: [IOException, TimeoutException, IOException, IOException]
Mocking exception: IOException for resource: StockExchangeApi.buy
Mocking exception: TimeoutException for resource: DatabaseApi.getBalance
Mocking exception: IOException for resource: StockExchangeApi.sell
Mocking exception: IOException for resource: DatabaseApi.getPosition
[Test] Balance: 9000.0, Position: 5
[TestExplorer] Test finished without uncaught exception.
[TestExplorer] Pattern: [IOException, TimeoutException, IOException, TimeoutException]
Mocking exception: IOException for resource: StockExchangeApi.buy
Mocking exception: TimeoutException for resource: DatabaseApi.getBalance
Mocking exception: IOException for resource: StockExchangeApi.sell
Mocking exception: TimeoutException for resource: DatabaseApi.getPosition
[Test] Balance: 9000.0, Position: 5
[TestExplorer] Test finished without uncaught exception.
[TestExplorer] Pattern: [IOException, TimeoutException, TimeoutException, normal]
Mocking exception: IOException for resource: StockExchangeApi.buy
Mocking exception: TimeoutException for resource: DatabaseApi.getBalance
Mocking exception: TimeoutException for resource: StockExchangeApi.sell
[Test] Balance: 9000.0, Position: 5
[TestExplorer] Test finished without uncaught exception.
[TestExplorer] Pattern: [IOException, TimeoutException, TimeoutException, IOException]
Mocking exception: IOException for resource: StockExchangeApi.buy
Mocking exception: TimeoutException for resource: DatabaseApi.getBalance
Mocking exception: TimeoutException for resource: StockExchangeApi.sell
Mocking exception: IOException for resource: DatabaseApi.getPosition
[Test] Balance: 9000.0, Position: 5
[TestExplorer] Test finished without uncaught exception.
[TestExplorer] Pattern: [IOException, TimeoutException, TimeoutException, TimeoutException]
Mocking exception: IOException for resource: StockExchangeApi.buy
Mocking exception: TimeoutException for resource: DatabaseApi.getBalance
Mocking exception: TimeoutException for resource: StockExchangeApi.sell
Mocking exception: TimeoutException for resource: DatabaseApi.getPosition
[Test] Balance: 9000.0, Position: 5
[TestExplorer] Test finished without uncaught exception.
[TestExplorer] Pattern: [TimeoutException, normal, normal, normal]
Mocking exception: TimeoutException for resource: StockExchangeApi.buy
[Test] Balance: 9000.0, Position: 5
[TestExplorer] Test finished without uncaught exception.
[TestExplorer] Pattern: [TimeoutException, normal, normal, IOException]
Mocking exception: TimeoutException for resource: StockExchangeApi.buy
Mocking exception: IOException for resource: DatabaseApi.getPosition
[Test] Balance: 9000.0, Position: 5
[TestExplorer] Test finished without uncaught exception.
[TestExplorer] Pattern: [TimeoutException, normal, normal, TimeoutException]
Mocking exception: TimeoutException for resource: StockExchangeApi.buy
Mocking exception: TimeoutException for resource: DatabaseApi.getPosition
[Test] Balance: 9000.0, Position: 5
[TestExplorer] Test finished without uncaught exception.
[TestExplorer] Pattern: [TimeoutException, normal, IOException, normal]
Mocking exception: TimeoutException for resource: StockExchangeApi.buy
Mocking exception: IOException for resource: StockExchangeApi.sell
[Test] Balance: 9000.0, Position: 5
[TestExplorer] Test finished without uncaught exception.
[TestExplorer] Pattern: [TimeoutException, normal, IOException, IOException]
Mocking exception: TimeoutException for resource: StockExchangeApi.buy
Mocking exception: IOException for resource: StockExchangeApi.sell
Mocking exception: IOException for resource: DatabaseApi.getPosition
[Test] Balance: 9000.0, Position: 5
[TestExplorer] Test finished without uncaught exception.
[TestExplorer] Pattern: [TimeoutException, normal, IOException, TimeoutException]
Mocking exception: TimeoutException for resource: StockExchangeApi.buy
Mocking exception: IOException for resource: StockExchangeApi.sell
Mocking exception: TimeoutException for resource: DatabaseApi.getPosition
[Test] Balance: 9000.0, Position: 5
[TestExplorer] Test finished without uncaught exception.
[TestExplorer] Pattern: [TimeoutException, normal, TimeoutException, normal]
Mocking exception: TimeoutException for resource: StockExchangeApi.buy
Mocking exception: TimeoutException for resource: StockExchangeApi.sell
[Test] Balance: 9000.0, Position: 5
[TestExplorer] Test finished without uncaught exception.
[TestExplorer] Pattern: [TimeoutException, normal, TimeoutException, IOException]
Mocking exception: TimeoutException for resource: StockExchangeApi.buy
Mocking exception: TimeoutException for resource: StockExchangeApi.sell
Mocking exception: IOException for resource: DatabaseApi.getPosition
[Test] Balance: 9000.0, Position: 5
[TestExplorer] Test finished without uncaught exception.
[TestExplorer] Pattern: [TimeoutException, normal, TimeoutException, TimeoutException]
Mocking exception: TimeoutException for resource: StockExchangeApi.buy
Mocking exception: TimeoutException for resource: StockExchangeApi.sell
Mocking exception: TimeoutException for resource: DatabaseApi.getPosition
[Test] Balance: 9000.0, Position: 5
[TestExplorer] Test finished without uncaught exception.
[TestExplorer] Pattern: [TimeoutException, IOException, normal, normal]
Mocking exception: TimeoutException for resource: StockExchangeApi.buy
Mocking exception: IOException for resource: DatabaseApi.getBalance
[Test] Balance: 9000.0, Position: 5
[TestExplorer] Test finished without uncaught exception.
[TestExplorer] Pattern: [TimeoutException, IOException, normal, IOException]
Mocking exception: TimeoutException for resource: StockExchangeApi.buy
Mocking exception: IOException for resource: DatabaseApi.getBalance
Mocking exception: IOException for resource: DatabaseApi.getPosition
[Test] Balance: 9000.0, Position: 5
[TestExplorer] Test finished without uncaught exception.
[TestExplorer] Pattern: [TimeoutException, IOException, normal, TimeoutException]
Mocking exception: TimeoutException for resource: StockExchangeApi.buy
Mocking exception: IOException for resource: DatabaseApi.getBalance
Mocking exception: TimeoutException for resource: DatabaseApi.getPosition
[Test] Balance: 9000.0, Position: 5
[TestExplorer] Test finished without uncaught exception.
[TestExplorer] Pattern: [TimeoutException, IOException, IOException, normal]
Mocking exception: TimeoutException for resource: StockExchangeApi.buy
Mocking exception: IOException for resource: DatabaseApi.getBalance
Mocking exception: IOException for resource: StockExchangeApi.sell
[Test] Balance: 9000.0, Position: 5
[TestExplorer] Test finished without uncaught exception.
[TestExplorer] Pattern: [TimeoutException, IOException, IOException, IOException]
Mocking exception: TimeoutException for resource: StockExchangeApi.buy
Mocking exception: IOException for resource: DatabaseApi.getBalance
Mocking exception: IOException for resource: StockExchangeApi.sell
Mocking exception: IOException for resource: DatabaseApi.getPosition
[Test] Balance: 9000.0, Position: 5
[TestExplorer] Test finished without uncaught exception.
[TestExplorer] Pattern: [TimeoutException, IOException, IOException, TimeoutException]
Mocking exception: TimeoutException for resource: StockExchangeApi.buy
Mocking exception: IOException for resource: DatabaseApi.getBalance
Mocking exception: IOException for resource: StockExchangeApi.sell
Mocking exception: TimeoutException for resource: DatabaseApi.getPosition
[Test] Balance: 9000.0, Position: 5
[TestExplorer] Test finished without uncaught exception.
[TestExplorer] Pattern: [TimeoutException, IOException, TimeoutException, normal]
Mocking exception: TimeoutException for resource: StockExchangeApi.buy
Mocking exception: IOException for resource: DatabaseApi.getBalance
Mocking exception: TimeoutException for resource: StockExchangeApi.sell
[Test] Balance: 9000.0, Position: 5
[TestExplorer] Test finished without uncaught exception.
[TestExplorer] Pattern: [TimeoutException, IOException, TimeoutException, IOException]
Mocking exception: TimeoutException for resource: StockExchangeApi.buy
Mocking exception: IOException for resource: DatabaseApi.getBalance
Mocking exception: TimeoutException for resource: StockExchangeApi.sell
Mocking exception: IOException for resource: DatabaseApi.getPosition
[Test] Balance: 9000.0, Position: 5
[TestExplorer] Test finished without uncaught exception.
[TestExplorer] Pattern: [TimeoutException, IOException, TimeoutException, TimeoutException]
Mocking exception: TimeoutException for resource: StockExchangeApi.buy
Mocking exception: IOException for resource: DatabaseApi.getBalance
Mocking exception: TimeoutException for resource: StockExchangeApi.sell
Mocking exception: TimeoutException for resource: DatabaseApi.getPosition
[Test] Balance: 9000.0, Position: 5
[TestExplorer] Test finished without uncaught exception.
[TestExplorer] Pattern: [TimeoutException, TimeoutException, normal, normal]
Mocking exception: TimeoutException for resource: StockExchangeApi.buy
Mocking exception: TimeoutException for resource: DatabaseApi.getBalance
[Test] Balance: 9000.0, Position: 5
[TestExplorer] Test finished without uncaught exception.
[TestExplorer] Pattern: [TimeoutException, TimeoutException, normal, IOException]
Mocking exception: TimeoutException for resource: StockExchangeApi.buy
Mocking exception: TimeoutException for resource: DatabaseApi.getBalance
Mocking exception: IOException for resource: DatabaseApi.getPosition
[Test] Balance: 9000.0, Position: 5
[TestExplorer] Test finished without uncaught exception.
[TestExplorer] Pattern: [TimeoutException, TimeoutException, normal, TimeoutException]
Mocking exception: TimeoutException for resource: StockExchangeApi.buy
Mocking exception: TimeoutException for resource: DatabaseApi.getBalance
Mocking exception: TimeoutException for resource: DatabaseApi.getPosition
[Test] Balance: 9000.0, Position: 5
[TestExplorer] Test finished without uncaught exception.
[TestExplorer] Pattern: [TimeoutException, TimeoutException, IOException, normal]
Mocking exception: TimeoutException for resource: StockExchangeApi.buy
Mocking exception: TimeoutException for resource: DatabaseApi.getBalance
Mocking exception: IOException for resource: StockExchangeApi.sell
[Test] Balance: 9000.0, Position: 5
[TestExplorer] Test finished without uncaught exception.
[TestExplorer] Pattern: [TimeoutException, TimeoutException, IOException, IOException]
Mocking exception: TimeoutException for resource: StockExchangeApi.buy
Mocking exception: TimeoutException for resource: DatabaseApi.getBalance
Mocking exception: IOException for resource: StockExchangeApi.sell
Mocking exception: IOException for resource: DatabaseApi.getPosition
[Test] Balance: 9000.0, Position: 5
[TestExplorer] Test finished without uncaught exception.
[TestExplorer] Pattern: [TimeoutException, TimeoutException, IOException, TimeoutException]
Mocking exception: TimeoutException for resource: StockExchangeApi.buy
Mocking exception: TimeoutException for resource: DatabaseApi.getBalance
Mocking exception: IOException for resource: StockExchangeApi.sell
Mocking exception: TimeoutException for resource: DatabaseApi.getPosition
[Test] Balance: 9000.0, Position: 5
[TestExplorer] Test finished without uncaught exception.
[TestExplorer] Pattern: [TimeoutException, TimeoutException, TimeoutException, normal]
Mocking exception: TimeoutException for resource: StockExchangeApi.buy
Mocking exception: TimeoutException for resource: DatabaseApi.getBalance
Mocking exception: TimeoutException for resource: StockExchangeApi.sell
[Test] Balance: 9000.0, Position: 5
[TestExplorer] Test finished without uncaught exception.
[TestExplorer] Pattern: [TimeoutException, TimeoutException, TimeoutException, IOException]
Mocking exception: TimeoutException for resource: StockExchangeApi.buy
Mocking exception: TimeoutException for resource: DatabaseApi.getBalance
Mocking exception: TimeoutException for resource: StockExchangeApi.sell
Mocking exception: IOException for resource: DatabaseApi.getPosition
[Test] Balance: 9000.0, Position: 5
[TestExplorer] Test finished without uncaught exception.
[TestExplorer] Pattern: [TimeoutException, TimeoutException, TimeoutException, TimeoutException]
Mocking exception: TimeoutException for resource: StockExchangeApi.buy
Mocking exception: TimeoutException for resource: DatabaseApi.getBalance
Mocking exception: TimeoutException for resource: StockExchangeApi.sell
Mocking exception: TimeoutException for resource: DatabaseApi.getPosition
[Test] Balance: 9000.0, Position: 5
[TestExplorer] Test finished without uncaught exception.
]]></system-out>
  </testcase>
</testsuite>